<?xml version="1.0" encoding="UTF-8"?>
<coverage generated="1619183133100" clover="3.2.0">
  <project timestamp="1619183133100" name="All files">
    <metrics statements="53" coveredstatements="31" conditionals="14" coveredconditionals="5" methods="19" coveredmethods="13" elements="86" coveredelements="49" complexity="0" loc="53" ncloc="53" packages="1" files="4" classes="4"/>
    <file name="countDownDate.js" path="E:\Project 0\travel-planner-Udacity-capston\src\client\js\countDownDate.js">
      <metrics statements="10" coveredstatements="1" conditionals="2" coveredconditionals="0" methods="2" coveredmethods="0"/>
      <line num="1" count="2" type="stmt"/>
      <line num="2" count="0" type="stmt"/>
      <line num="4" count="0" type="stmt"/>
      <line num="5" count="0" type="stmt"/>
      <line num="6" count="0" type="stmt"/>
      <line num="7" count="0" type="stmt"/>
      <line num="12" count="0" type="cond" truecount="0" falsecount="2"/>
      <line num="13" count="0" type="stmt"/>
      <line num="15" count="0" type="stmt"/>
      <line num="17" count="0" type="stmt"/>
    </file>
    <file name="geoNamesAPI.js" path="E:\Project 0\travel-planner-Udacity-capston\src\client\js\geoNamesAPI.js">
      <metrics statements="9" coveredstatements="8" conditionals="2" coveredconditionals="1" methods="4" coveredmethods="3"/>
      <line num="1" count="2" type="stmt"/>
      <line num="2" count="2" type="stmt"/>
      <line num="3" count="1" type="stmt"/>
      <line num="4" count="1" type="cond" truecount="1" falsecount="1"/>
      <line num="5" count="1" type="stmt"/>
      <line num="8" count="1" type="stmt"/>
      <line num="9" count="1" type="stmt"/>
      <line num="16" count="0" type="stmt"/>
      <line num="19" count="1" type="stmt"/>
    </file>
    <file name="handleSubmit.js" path="E:\Project 0\travel-planner-Udacity-capston\src\client\js\handleSubmit.js">
      <metrics statements="15" coveredstatements="5" conditionals="6" coveredconditionals="1" methods="3" coveredmethods="1"/>
      <line num="4" count="1" type="stmt"/>
      <line num="5" count="1" type="stmt"/>
      <line num="6" count="1" type="stmt"/>
      <line num="7" count="1" type="cond" truecount="1" falsecount="1"/>
      <line num="8" count="0" type="stmt"/>
      <line num="9" count="0" type="stmt"/>
      <line num="11" count="0" type="stmt"/>
      <line num="12" count="0" type="stmt"/>
      <line num="14" count="0" type="cond" truecount="0" falsecount="4"/>
      <line num="15" count="0" type="stmt"/>
      <line num="16" count="0" type="stmt"/>
      <line num="17" count="0" type="stmt"/>
      <line num="21" count="0" type="stmt"/>
      <line num="28" count="1" type="stmt"/>
      <line num="29" count="0" type="stmt"/>
    </file>
    <file name="weatherBitAPI.js" path="E:\Project 0\travel-planner-Udacity-capston\src\client\js\weatherBitAPI.js">
      <metrics statements="19" coveredstatements="17" conditionals="4" coveredconditionals="3" methods="10" coveredmethods="9"/>
      <line num="1" count="1" type="stmt"/>
      <line num="4" count="1" type="stmt"/>
      <line num="5" count="2" type="stmt"/>
      <line num="6" count="2" type="cond" truecount="1" falsecount="1"/>
      <line num="7" count="2" type="stmt"/>
      <line num="9" count="0" type="stmt"/>
      <line num="11" count="2" type="stmt"/>
      <line num="13" count="0" type="stmt"/>
      <line num="15" count="2" type="stmt"/>
      <line num="20" count="1" type="stmt"/>
      <line num="21" count="2" type="stmt"/>
      <line num="22" count="2" type="cond" truecount="2" falsecount="0"/>
      <line num="23" count="1" type="stmt"/>
      <line num="25" count="1" type="stmt"/>
      <line num="28" count="1" type="stmt"/>
      <line num="30" count="1" type="stmt"/>
      <line num="33" count="2" type="stmt"/>
      <line num="38" count="1" type="stmt"/>
      <line num="39" count="1" type="stmt"/>
    </file>
  </project>
</coverage>
